# JRE version: OpenJDK Runtime Environment Temurin-21.0.2+13 (21.0.2+13) (build 21.0.2+13-LTS)
# Java VM: OpenJDK 64-Bit Server VM Temurin-21.0.2+13 (21.0.2+13-LTS, mixed mode, emulated-client, tiered, compressed oops, compressed class ptrs, g1 gc, bsd-aarch64)
GC Precious Log:
 CardTable entry size: 512
 Card Set container configuration: InlinePtr #cards 4 size 8 Array Of Cards #cards 32 size 80 Howl #buckets 8 coarsen threshold 7372 Howl Bitmap #cards 1024 size 144 coarsen threshold 921 Card regions per heap region 1 cards per card region 8192
 CPUs: 8 total, 8 available
 Memory: 24576M
 Large Page Support: Disabled
 NUMA Support: Disabled
 Compressed Oops: Enabled (Zero based)
 Heap Region Size: 4M
 Heap Min Capacity: 8M
 Heap Initial Capacity: 384M
 Heap Max Capacity: 6G
 Pre-touch: Disabled
 Parallel Workers: 8
 Concurrent Workers: 2
 Concurrent Refinement Workers: 8
 Periodic GC: Disabled
Heap:
 garbage-first heap   total 98304K, used 67352K [0x0000000680000000, 0x0000000800000000)
  region size 4096K, 12 young (49152K), 0 survivors (0K)
 Metaspace       used 83002K, committed 83648K, reserved 1179648K
  class space    used 10825K, committed 11136K, reserved 1048576K
GC Heap History (20 events):
Event: 1283.771 GC heap before
{Heap before GC invocations=23 (full 3):
 garbage-first heap   total 98304K, used 79107K [0x0000000680000000, 0x0000000800000000)
  region size 4096K, 13 young (53248K), 0 survivors (0K)
 Metaspace       used 81879K, committed 82688K, reserved 1179648K
  class space    used 10711K, committed 11072K, reserved 1048576K
}
Event: 1283.775 GC heap after
{Heap after GC invocations=24 (full 3):
 garbage-first heap   total 98304K, used 31045K [0x0000000680000000, 0x0000000800000000)
  region size 4096K, 2 young (8192K), 2 survivors (8192K)
 Metaspace       used 81879K, committed 82688K, reserved 1179648K
  class space    used 10711K, committed 11072K, reserved 1048576K
}
Event: 1889.870 GC heap before
{Heap before GC invocations=24 (full 3):
 garbage-first heap   total 98304K, used 47429K [0x0000000680000000, 0x0000000800000000)
  region size 4096K, 7 young (28672K), 2 survivors (8192K)
 Metaspace       used 81950K, committed 82688K, reserved 1179648K
  class space    used 10717K, committed 11072K, reserved 1048576K
}
Event: 1889.959 GC heap after
{Heap after GC invocations=25 (full 4):
 garbage-first heap   total 98304K, used 25921K [0x0000000680000000, 0x0000000800000000)
  region size 4096K, 0 young (0K), 0 survivors (0K)
 Metaspace       used 81848K, committed 82688K, reserved 1179648K
  class space    used 10689K, committed 11072K, reserved 1048576K
}
Event: 1890.524 GC heap before
{Heap before GC invocations=25 (full 4):
 garbage-first heap   total 98304K, used 79169K [0x0000000680000000, 0x0000000800000000)
  region size 4096K, 13 young (53248K), 0 survivors (0K)
 Metaspace       used 81990K, committed 82752K, reserved 1179648K
  class space    used 10703K, committed 11072K, reserved 1048576K
}
Event: 1890.527 GC heap after
{Heap after GC invocations=26 (full 4):
 garbage-first heap   total 98304K, used 30971K [0x0000000680000000, 0x0000000800000000)
  region size 4096K, 2 young (8192K), 2 survivors (8192K)
 Metaspace       used 81990K, committed 82752K, reserved 1179648K
  class space    used 10703K, committed 11072K, reserved 1048576K
}
Event: 2003.865 GC heap before
{Heap before GC invocations=26 (full 4):
 garbage-first heap   total 98304K, used 43259K [0x0000000680000000, 0x0000000800000000)
  region size 4096K, 6 young (24576K), 2 survivors (8192K)
 Metaspace       used 82070K, committed 82816K, reserved 1179648K
  class space    used 10714K, committed 11072K, reserved 1048576K
}
Event: 2003.926 GC heap after
{Heap after GC invocations=27 (full 5):
 garbage-first heap   total 98304K, used 26620K [0x0000000680000000, 0x0000000800000000)
  region size 4096K, 0 young (0K), 0 survivors (0K)
 Metaspace       used 82047K, committed 82816K, reserved 1179648K
  class space    used 10710K, committed 11072K, reserved 1048576K
}
Event: 2004.321 GC heap before
{Heap before GC invocations=27 (full 5):
 garbage-first heap   total 98304K, used 75772K [0x0000000680000000, 0x0000000800000000)
  region size 4096K, 13 young (53248K), 0 survivors (0K)
 Metaspace       used 82191K, committed 82880K, reserved 1179648K
  class space    used 10724K, committed 11072K, reserved 1048576K
}
Event: 2004.324 GC heap after
{Heap after GC invocations=28 (full 5):
 garbage-first heap   total 98304K, used 31515K [0x0000000680000000, 0x0000000800000000)
  region size 4096K, 2 young (8192K), 2 survivors (8192K)
 Metaspace       used 82191K, committed 82880K, reserved 1179648K
  class space    used 10724K, committed 11072K, reserved 1048576K
}
Event: 2907.035 GC heap before
{Heap before GC invocations=28 (full 5):
 garbage-first heap   total 98304K, used 60187K [0x0000000680000000, 0x0000000800000000)
  region size 4096K, 10 young (40960K), 2 survivors (8192K)
 Metaspace       used 82528K, committed 83136K, reserved 1179648K
  class space    used 10782K, committed 11072K, reserved 1048576K
}
Event: 2907.109 GC heap after
{Heap after GC invocations=29 (full 6):
 garbage-first heap   total 98304K, used 27778K [0x0000000680000000, 0x0000000800000000)
  region size 4096K, 0 young (0K), 0 survivors (0K)
 Metaspace       used 82519K, committed 83136K, reserved 1179648K
  class space    used 10780K, committed 11072K, reserved 1048576K
}
Event: 2907.629 GC heap before
{Heap before GC invocations=29 (full 6):
 garbage-first heap   total 98304K, used 81026K [0x0000000680000000, 0x0000000800000000)
  region size 4096K, 13 young (53248K), 0 survivors (0K)
 Metaspace       used 82650K, committed 83264K, reserved 1179648K
  class space    used 10792K, committed 11072K, reserved 1048576K
}
Event: 2907.632 GC heap after
{Heap after GC invocations=30 (full 6):
 garbage-first heap   total 98304K, used 32737K [0x0000000680000000, 0x0000000800000000)
  region size 4096K, 2 young (8192K), 2 survivors (8192K)
 Metaspace       used 82650K, committed 83264K, reserved 1179648K
  class space    used 10792K, committed 11072K, reserved 1048576K
}
Event: 3328.668 GC heap before
{Heap before GC invocations=30 (full 6):
 garbage-first heap   total 98304K, used 49121K [0x0000000680000000, 0x0000000800000000)
  region size 4096K, 7 young (28672K), 2 survivors (8192K)
 Metaspace       used 82780K, committed 83392K, reserved 1179648K
  class space    used 10809K, committed 11072K, reserved 1048576K
}
Event: 3328.728 GC heap after
{Heap after GC invocations=31 (full 7):
 garbage-first heap   total 98304K, used 26772K [0x0000000680000000, 0x0000000800000000)
  region size 4096K, 0 young (0K), 0 survivors (0K)
 Metaspace       used 82776K, committed 83392K, reserved 1179648K
  class space    used 10808K, committed 11072K, reserved 1048576K
}
Event: 3329.109 GC heap before
{Heap before GC invocations=31 (full 7):
 garbage-first heap   total 98304K, used 75924K [0x0000000680000000, 0x0000000800000000)
  region size 4096K, 13 young (53248K), 0 survivors (0K)
 Metaspace       used 82923K, committed 83584K, reserved 1179648K
  class space    used 10821K, committed 11136K, reserved 1048576K
}
Event: 3329.112 GC heap after
{Heap after GC invocations=32 (full 7):
 garbage-first heap   total 98304K, used 31729K [0x0000000680000000, 0x0000000800000000)
  region size 4096K, 2 young (8192K), 2 survivors (8192K)
 Metaspace       used 82923K, committed 83584K, reserved 1179648K
  class space    used 10821K, committed 11136K, reserved 1048576K
}
Event: 3357.789 GC heap before
{Heap before GC invocations=32 (full 7):
 garbage-first heap   total 98304K, used 35825K [0x0000000680000000, 0x0000000800000000)
  region size 4096K, 5 young (20480K), 2 survivors (8192K)
 Metaspace       used 82965K, committed 83648K, reserved 1179648K
  class space    used 10823K, committed 11136K, reserved 1048576K
}
Event: 3357.832 GC heap after
{Heap after GC invocations=33 (full 8):
 garbage-first heap   total 98304K, used 26392K [0x0000000680000000, 0x0000000800000000)
  region size 4096K, 0 young (0K), 0 survivors (0K)
 Metaspace       used 82938K, committed 83648K, reserved 1179648K
  class space    used 10816K, committed 11136K, reserved 1048576K
}

