# JRE version: OpenJDK Runtime Environment Temurin-21.0.2+13 (21.0.2+13) (build 21.0.2+13-LTS)
# Java VM: OpenJDK 64-Bit Server VM Temurin-21.0.2+13 (21.0.2+13-LTS, mixed mode, emulated-client, tiered, compressed oops, compressed class ptrs, g1 gc, bsd-aarch64)
GC Precious Log:
 CardTable entry size: 512
 Card Set container configuration: InlinePtr #cards 4 size 8 Array Of Cards #cards 32 size 80 Howl #buckets 8 coarsen threshold 7372 Howl Bitmap #cards 1024 size 144 coarsen threshold 921 Card regions per heap region 1 cards per card region 8192
 CPUs: 8 total, 8 available
 Memory: 24576M
 Large Page Support: Disabled
 NUMA Support: Disabled
 Compressed Oops: Enabled (Zero based)
 Heap Region Size: 4M
 Heap Min Capacity: 8M
 Heap Initial Capacity: 384M
 Heap Max Capacity: 6G
 Pre-touch: Disabled
 Parallel Workers: 8
 Concurrent Workers: 2
 Concurrent Refinement Workers: 8
 Periodic GC: Disabled
Heap:
 garbage-first heap   total 122880K, used 72543K [0x0000000680000000, 0x0000000800000000)
  region size 4096K, 12 young (49152K), 0 survivors (0K)
 Metaspace       used 89722K, committed 91264K, reserved 1179648K
  class space    used 11546K, committed 12160K, reserved 1048576K
GC Heap History (20 events):
Event: 819.736 GC heap before
{Heap before GC invocations=23 (full 3):
 garbage-first heap   total 122880K, used 88016K [0x0000000680000000, 0x0000000800000000)
  region size 4096K, 16 young (65536K), 0 survivors (0K)
 Metaspace       used 88251K, committed 90048K, reserved 1179648K
  class space    used 11383K, committed 12160K, reserved 1048576K
}
Event: 819.799 GC heap after
{Heap after GC invocations=24 (full 4):
 garbage-first heap   total 122880K, used 30918K [0x0000000680000000, 0x0000000800000000)
  region size 4096K, 0 young (0K), 0 survivors (0K)
 Metaspace       used 88249K, committed 90048K, reserved 1179648K
  class space    used 11382K, committed 12160K, reserved 1048576K
}
Event: 827.467 GC heap before
{Heap before GC invocations=24 (full 4):
 garbage-first heap   total 122880K, used 104646K [0x0000000680000000, 0x0000000800000000)
  region size 4096K, 18 young (73728K), 0 survivors (0K)
 Metaspace       used 88685K, committed 90112K, reserved 1179648K
  class space    used 11457K, committed 12160K, reserved 1048576K
}
Event: 827.471 GC heap after
{Heap after GC invocations=25 (full 4):
 garbage-first heap   total 122880K, used 39310K [0x0000000680000000, 0x0000000800000000)
  region size 4096K, 3 young (12288K), 3 survivors (12288K)
 Metaspace       used 88685K, committed 90112K, reserved 1179648K
  class space    used 11457K, committed 12160K, reserved 1048576K
}
Event: 890.180 GC heap before
{Heap before GC invocations=26 (full 4):
 garbage-first heap   total 122880K, used 59790K [0x0000000680000000, 0x0000000800000000)
  region size 4096K, 9 young (36864K), 3 survivors (12288K)
 Metaspace       used 89212K, committed 90368K, reserved 1179648K
  class space    used 11591K, committed 12160K, reserved 1048576K
}
Event: 890.256 GC heap after
{Heap after GC invocations=27 (full 5):
 garbage-first heap   total 122880K, used 35950K [0x0000000680000000, 0x0000000800000000)
  region size 4096K, 0 young (0K), 0 survivors (0K)
 Metaspace       used 89212K, committed 90368K, reserved 1179648K
  class space    used 11591K, committed 12160K, reserved 1048576K
}
Event: 893.112 GC heap before
{Heap before GC invocations=27 (full 5):
 garbage-first heap   total 122880K, used 97390K [0x0000000680000000, 0x0000000800000000)
  region size 4096K, 16 young (65536K), 0 survivors (0K)
 Metaspace       used 89399K, committed 90496K, reserved 1179648K
  class space    used 11607K, committed 12160K, reserved 1048576K
}
Event: 893.115 GC heap after
{Heap after GC invocations=28 (full 5):
 garbage-first heap   total 122880K, used 42263K [0x0000000680000000, 0x0000000800000000)
  region size 4096K, 2 young (8192K), 2 survivors (8192K)
 Metaspace       used 89399K, committed 90496K, reserved 1179648K
  class space    used 11607K, committed 12160K, reserved 1048576K
}
Event: 1401.859 GC heap before
{Heap before GC invocations=28 (full 5):
 garbage-first heap   total 122880K, used 54551K [0x0000000680000000, 0x0000000800000000)
  region size 4096K, 6 young (24576K), 2 survivors (8192K)
 Metaspace       used 89468K, committed 90624K, reserved 1179648K
  class space    used 11616K, committed 12160K, reserved 1048576K
}
Event: 1401.962 GC heap after
{Heap after GC invocations=29 (full 6):
 garbage-first heap   total 122880K, used 35989K [0x0000000680000000, 0x0000000800000000)
  region size 4096K, 0 young (0K), 0 survivors (0K)
 Metaspace       used 89465K, committed 90624K, reserved 1179648K
  class space    used 11615K, committed 12160K, reserved 1048576K
}
Event: 1411.951 GC heap before
{Heap before GC invocations=29 (full 6):
 garbage-first heap   total 122880K, used 93333K [0x0000000680000000, 0x0000000800000000)
  region size 4096K, 16 young (65536K), 0 survivors (0K)
 Metaspace       used 89678K, committed 90816K, reserved 1179648K
  class space    used 11631K, committed 12160K, reserved 1048576K
}
Event: 1412.010 GC heap after
{Heap after GC invocations=30 (full 7):
 garbage-first heap   total 122880K, used 31199K [0x0000000680000000, 0x0000000800000000)
  region size 4096K, 0 young (0K), 0 survivors (0K)
 Metaspace       used 88965K, committed 90816K, reserved 1179648K
  class space    used 11461K, committed 12160K, reserved 1048576K
}
Event: 1455.399 GC heap before
{Heap before GC invocations=30 (full 7):
 garbage-first heap   total 122880K, used 96735K [0x0000000680000000, 0x0000000800000000)
  region size 4096K, 17 young (69632K), 0 survivors (0K)
 Metaspace       used 89260K, committed 90816K, reserved 1179648K
  class space    used 11503K, committed 12160K, reserved 1048576K
}
Event: 1455.410 GC heap after
{Heap after GC invocations=31 (full 7):
 garbage-first heap   total 122880K, used 38008K [0x0000000680000000, 0x0000000800000000)
  region size 4096K, 2 young (8192K), 2 survivors (8192K)
 Metaspace       used 89260K, committed 90816K, reserved 1179648K
  class space    used 11503K, committed 12160K, reserved 1048576K
}
Event: 2752.583 GC heap before
{Heap before GC invocations=31 (full 7):
 garbage-first heap   total 122880K, used 95352K [0x0000000680000000, 0x0000000800000000)
  region size 4096K, 17 young (69632K), 2 survivors (8192K)
 Metaspace       used 89942K, committed 91072K, reserved 1179648K
  class space    used 11662K, committed 12160K, reserved 1048576K
}
Event: 2752.692 GC heap after
{Heap after GC invocations=32 (full 8):
 garbage-first heap   total 122880K, used 36060K [0x0000000680000000, 0x0000000800000000)
  region size 4096K, 0 young (0K), 0 survivors (0K)
 Metaspace       used 89939K, committed 91072K, reserved 1179648K
  class space    used 11661K, committed 12160K, reserved 1048576K
}
Event: 2775.743 GC heap before
{Heap before GC invocations=32 (full 8):
 garbage-first heap   total 122880K, used 93404K [0x0000000680000000, 0x0000000800000000)
  region size 4096K, 16 young (65536K), 0 survivors (0K)
 Metaspace       used 90123K, committed 91264K, reserved 1179648K
  class space    used 11676K, committed 12160K, reserved 1048576K
}
Event: 2775.803 GC heap after
{Heap after GC invocations=33 (full 9):
 garbage-first heap   total 122880K, used 31301K [0x0000000680000000, 0x0000000800000000)
  region size 4096K, 0 young (0K), 0 survivors (0K)
 Metaspace       used 89445K, committed 91264K, reserved 1179648K
  class space    used 11514K, committed 12160K, reserved 1048576K
}
Event: 2797.091 GC heap before
{Heap before GC invocations=33 (full 9):
 garbage-first heap   total 122880K, used 88645K [0x0000000680000000, 0x0000000800000000)
  region size 4096K, 16 young (65536K), 0 survivors (0K)
 Metaspace       used 89646K, committed 91264K, reserved 1179648K
  class space    used 11534K, committed 12160K, reserved 1048576K
}
Event: 2797.151 GC heap after
{Heap after GC invocations=34 (full 10):
 garbage-first heap   total 122880K, used 31583K [0x0000000680000000, 0x0000000800000000)
  region size 4096K, 0 young (0K), 0 survivors (0K)
 Metaspace       used 89643K, committed 91264K, reserved 1179648K
  class space    used 11533K, committed 12160K, reserved 1048576K
}

