# JRE version: OpenJDK Runtime Environment Temurin-21.0.2+13 (21.0.2+13) (build 21.0.2+13-LTS)
# Java VM: OpenJDK 64-Bit Server VM Temurin-21.0.2+13 (21.0.2+13-LTS, mixed mode, emulated-client, tiered, compressed oops, compressed class ptrs, g1 gc, bsd-aarch64)
GC Precious Log:
 CardTable entry size: 512
 Card Set container configuration: InlinePtr #cards 4 size 8 Array Of Cards #cards 32 size 80 Howl #buckets 8 coarsen threshold 7372 Howl Bitmap #cards 1024 size 144 coarsen threshold 921 Card regions per heap region 1 cards per card region 8192
 CPUs: 8 total, 8 available
 Memory: 24576M
 Large Page Support: Disabled
 NUMA Support: Disabled
 Compressed Oops: Enabled (Zero based)
 Heap Region Size: 4M
 Heap Min Capacity: 8M
 Heap Initial Capacity: 384M
 Heap Max Capacity: 6G
 Pre-touch: Disabled
 Parallel Workers: 8
 Concurrent Workers: 2
 Concurrent Refinement Workers: 8
 Periodic GC: Disabled
Heap:
 garbage-first heap   total 122880K, used 42041K [0x0000000680000000, 0x0000000800000000)
  region size 4096K, 6 young (24576K), 2 survivors (8192K)
 Metaspace       used 73568K, committed 74176K, reserved 1114112K
  class space    used 9544K, committed 9792K, reserved 1048576K
GC Heap History (20 events):
Event: 0.852 GC heap before
{Heap before GC invocations=5 (full 0):
 garbage-first heap   total 57344K, used 35857K [0x0000000680000000, 0x0000000800000000)
  region size 4096K, 8 young (32768K), 1 survivors (4096K)
 Metaspace       used 27210K, committed 27584K, reserved 1114112K
  class space    used 3042K, committed 3200K, reserved 1048576K
}
Event: 0.855 GC heap after
{Heap after GC invocations=6 (full 0):
 garbage-first heap   total 57344K, used 12528K [0x0000000680000000, 0x0000000800000000)
  region size 4096K, 1 young (4096K), 1 survivors (4096K)
 Metaspace       used 27210K, committed 27584K, reserved 1114112K
  class space    used 3042K, committed 3200K, reserved 1048576K
}
Event: 0.901 GC heap before
{Heap before GC invocations=6 (full 0):
 garbage-first heap   total 57344K, used 37104K [0x0000000680000000, 0x0000000800000000)
  region size 4096K, 8 young (32768K), 1 survivors (4096K)
 Metaspace       used 30041K, committed 30400K, reserved 1114112K
  class space    used 3309K, committed 3456K, reserved 1048576K
}
Event: 0.902 GC heap after
{Heap after GC invocations=7 (full 0):
 garbage-first heap   total 225280K, used 13380K [0x0000000680000000, 0x0000000800000000)
  region size 4096K, 1 young (4096K), 1 survivors (4096K)
 Metaspace       used 30041K, committed 30400K, reserved 1114112K
  class space    used 3309K, committed 3456K, reserved 1048576K
}
Event: 1.139 GC heap before
{Heap before GC invocations=7 (full 0):
 garbage-first heap   total 225280K, used 70724K [0x0000000680000000, 0x0000000800000000)
  region size 4096K, 17 young (69632K), 1 survivors (4096K)
 Metaspace       used 35707K, committed 36096K, reserved 1114112K
  class space    used 4091K, committed 4288K, reserved 1048576K
}
Event: 1.142 GC heap after
{Heap after GC invocations=8 (full 0):
 garbage-first heap   total 225280K, used 16972K [0x0000000680000000, 0x0000000800000000)
  region size 4096K, 2 young (8192K), 2 survivors (8192K)
 Metaspace       used 35707K, committed 36096K, reserved 1114112K
  class space    used 4091K, committed 4288K, reserved 1048576K
}
Event: 1.349 GC heap before
{Heap before GC invocations=9 (full 0):
 garbage-first heap   total 81920K, used 57932K [0x0000000680000000, 0x0000000800000000)
  region size 4096K, 12 young (49152K), 2 survivors (8192K)
 Metaspace       used 37819K, committed 38272K, reserved 1114112K
  class space    used 4403K, committed 4608K, reserved 1048576K
}
Event: 1.352 GC heap after
{Heap after GC invocations=10 (full 0):
 garbage-first heap   total 81920K, used 18493K [0x0000000680000000, 0x0000000800000000)
  region size 4096K, 2 young (8192K), 2 survivors (8192K)
 Metaspace       used 37819K, committed 38272K, reserved 1114112K
  class space    used 4403K, committed 4608K, reserved 1048576K
}
Event: 1.554 GC heap before
{Heap before GC invocations=10 (full 0):
 garbage-first heap   total 81920K, used 59453K [0x0000000680000000, 0x0000000800000000)
  region size 4096K, 12 young (49152K), 2 survivors (8192K)
 Metaspace       used 40896K, committed 41344K, reserved 1114112K
  class space    used 4890K, committed 5056K, reserved 1048576K
}
Event: 1.558 GC heap after
{Heap after GC invocations=11 (full 0):
 garbage-first heap   total 81920K, used 20114K [0x0000000680000000, 0x0000000800000000)
  region size 4096K, 1 young (4096K), 1 survivors (4096K)
 Metaspace       used 40896K, committed 41344K, reserved 1114112K
  class space    used 4890K, committed 5056K, reserved 1048576K
}
Event: 1.808 GC heap before
{Heap before GC invocations=11 (full 0):
 garbage-first heap   total 81920K, used 65170K [0x0000000680000000, 0x0000000800000000)
  region size 4096K, 12 young (49152K), 1 survivors (4096K)
 Metaspace       used 44473K, committed 44992K, reserved 1114112K
  class space    used 5378K, committed 5632K, reserved 1048576K
}
Event: 1.811 GC heap after
{Heap after GC invocations=12 (full 0):
 garbage-first heap   total 237568K, used 22468K [0x0000000680000000, 0x0000000800000000)
  region size 4096K, 2 young (8192K), 2 survivors (8192K)
 Metaspace       used 44473K, committed 44992K, reserved 1114112K
  class space    used 5378K, committed 5632K, reserved 1048576K
}
Event: 2.412 GC heap before
{Heap before GC invocations=12 (full 0):
 garbage-first heap   total 237568K, used 153540K [0x0000000680000000, 0x0000000800000000)
  region size 4096K, 34 young (139264K), 2 survivors (8192K)
 Metaspace       used 59469K, committed 60032K, reserved 1114112K
  class space    used 7413K, committed 7680K, reserved 1048576K
}
Event: 2.417 GC heap after
{Heap after GC invocations=13 (full 0):
 garbage-first heap   total 237568K, used 26211K [0x0000000680000000, 0x0000000800000000)
  region size 4096K, 3 young (12288K), 3 survivors (12288K)
 Metaspace       used 59469K, committed 60032K, reserved 1114112K
  class space    used 7413K, committed 7680K, reserved 1048576K
}
Event: 2.430 GC heap before
{Heap before GC invocations=13 (full 0):
 garbage-first heap   total 237568K, used 26211K [0x0000000680000000, 0x0000000800000000)
  region size 4096K, 4 young (16384K), 3 survivors (12288K)
 Metaspace       used 59709K, committed 60288K, reserved 1114112K
  class space    used 7466K, committed 7680K, reserved 1048576K
}
Event: 2.433 GC heap after
{Heap after GC invocations=14 (full 0):
 garbage-first heap   total 237568K, used 26518K [0x0000000680000000, 0x0000000800000000)
  region size 4096K, 3 young (12288K), 3 survivors (12288K)
 Metaspace       used 59709K, committed 60288K, reserved 1114112K
  class space    used 7466K, committed 7680K, reserved 1048576K
}
Event: 2.691 GC heap before
{Heap before GC invocations=15 (full 0):
 garbage-first heap   total 122880K, used 87958K [0x0000000680000000, 0x0000000800000000)
  region size 4096K, 18 young (73728K), 3 survivors (12288K)
 Metaspace       used 65845K, committed 66368K, reserved 1114112K
  class space    used 8411K, committed 8640K, reserved 1048576K
}
Event: 2.707 GC heap after
{Heap after GC invocations=16 (full 0):
 garbage-first heap   total 122880K, used 27819K [0x0000000680000000, 0x0000000800000000)
  region size 4096K, 2 young (8192K), 2 survivors (8192K)
 Metaspace       used 65845K, committed 66368K, reserved 1114112K
  class space    used 8411K, committed 8640K, reserved 1048576K
}
Event: 3.029 GC heap before
{Heap before GC invocations=16 (full 0):
 garbage-first heap   total 122880K, used 93355K [0x0000000680000000, 0x0000000800000000)
  region size 4096K, 18 young (73728K), 2 survivors (8192K)
 Metaspace       used 72448K, committed 73024K, reserved 1114112K
  class space    used 9380K, committed 9600K, reserved 1048576K
}
Event: 3.032 GC heap after
{Heap after GC invocations=17 (full 0):
 garbage-first heap   total 122880K, used 29753K [0x0000000680000000, 0x0000000800000000)
  region size 4096K, 2 young (8192K), 2 survivors (8192K)
 Metaspace       used 72448K, committed 73024K, reserved 1114112K
  class space    used 9380K, committed 9600K, reserved 1048576K
}

