# JRE version: OpenJDK Runtime Environment Temurin-21.0.2+13 (21.0.2+13) (build 21.0.2+13-LTS)
# Java VM: OpenJDK 64-Bit Server VM Temurin-21.0.2+13 (21.0.2+13-LTS, mixed mode, emulated-client, tiered, compressed oops, compressed class ptrs, g1 gc, bsd-aarch64)
GC Precious Log:
 CardTable entry size: 512
 Card Set container configuration: InlinePtr #cards 4 size 8 Array Of Cards #cards 32 size 80 Howl #buckets 8 coarsen threshold 7372 Howl Bitmap #cards 1024 size 144 coarsen threshold 921 Card regions per heap region 1 cards per card region 8192
 CPUs: 8 total, 8 available
 Memory: 24576M
 Large Page Support: Disabled
 NUMA Support: Disabled
 Compressed Oops: Enabled (Zero based)
 Heap Region Size: 4M
 Heap Min Capacity: 8M
 Heap Initial Capacity: 384M
 Heap Max Capacity: 6G
 Pre-touch: Disabled
 Parallel Workers: 8
 Concurrent Workers: 2
 Concurrent Refinement Workers: 8
 Periodic GC: Disabled
Heap:
 garbage-first heap   total 110592K, used 77404K [0x0000000680000000, 0x0000000800000000)
  region size 4096K, 12 young (49152K), 0 survivors (0K)
 Metaspace       used 89067K, committed 90240K, reserved 1179648K
  class space    used 11648K, committed 12160K, reserved 1048576K
GC Heap History (20 events):
Event: 2.929 GC heap before
{Heap before GC invocations=11 (full 0):
 garbage-first heap   total 81920K, used 61371K [0x0000000680000000, 0x0000000800000000)
  region size 4096K, 12 young (49152K), 2 survivors (8192K)
 Metaspace       used 44329K, committed 44864K, reserved 1114112K
  class space    used 5363K, committed 5632K, reserved 1048576K
}
Event: 2.933 GC heap after
{Heap after GC invocations=12 (full 0):
 garbage-first heap   total 237568K, used 22477K [0x0000000680000000, 0x0000000800000000)
  region size 4096K, 2 young (8192K), 2 survivors (8192K)
 Metaspace       used 44329K, committed 44864K, reserved 1114112K
  class space    used 5363K, committed 5632K, reserved 1048576K
}
Event: 3.844 GC heap before
{Heap before GC invocations=12 (full 0):
 garbage-first heap   total 237568K, used 153549K [0x0000000680000000, 0x0000000800000000)
  region size 4096K, 34 young (139264K), 2 survivors (8192K)
 Metaspace       used 58903K, committed 59456K, reserved 1114112K
  class space    used 7349K, committed 7616K, reserved 1048576K
}
Event: 3.850 GC heap after
{Heap after GC invocations=13 (full 0):
 garbage-first heap   total 237568K, used 26819K [0x0000000680000000, 0x0000000800000000)
  region size 4096K, 3 young (12288K), 3 survivors (12288K)
 Metaspace       used 58903K, committed 59456K, reserved 1114112K
  class space    used 7349K, committed 7616K, reserved 1048576K
}
Event: 3.899 GC heap before
{Heap before GC invocations=13 (full 0):
 garbage-first heap   total 237568K, used 30915K [0x0000000680000000, 0x0000000800000000)
  region size 4096K, 5 young (20480K), 3 survivors (12288K)
 Metaspace       used 59791K, committed 60288K, reserved 1114112K
  class space    used 7493K, committed 7744K, reserved 1048576K
}
Event: 3.904 GC heap after
{Heap after GC invocations=14 (full 0):
 garbage-first heap   total 237568K, used 26931K [0x0000000680000000, 0x0000000800000000)
  region size 4096K, 3 young (12288K), 3 survivors (12288K)
 Metaspace       used 59791K, committed 60288K, reserved 1114112K
  class space    used 7493K, committed 7744K, reserved 1048576K
}
Event: 4.160 GC heap before
{Heap before GC invocations=15 (full 0):
 garbage-first heap   total 110592K, used 80179K [0x0000000680000000, 0x0000000800000000)
  region size 4096K, 16 young (65536K), 3 survivors (12288K)
 Metaspace       used 64446K, committed 65024K, reserved 1114112K
  class space    used 8116K, committed 8384K, reserved 1048576K
}
Event: 4.166 GC heap after
{Heap after GC invocations=16 (full 0):
 garbage-first heap   total 110592K, used 29533K [0x0000000680000000, 0x0000000800000000)
  region size 4096K, 1 young (4096K), 1 survivors (4096K)
 Metaspace       used 64446K, committed 65024K, reserved 1114112K
  class space    used 8116K, committed 8384K, reserved 1048576K
}
Event: 4.536 GC heap before
{Heap before GC invocations=16 (full 0):
 garbage-first heap   total 110592K, used 90973K [0x0000000680000000, 0x0000000800000000)
  region size 4096K, 16 young (65536K), 1 survivors (4096K)
 Metaspace       used 71441K, committed 72000K, reserved 1114112K
  class space    used 9234K, committed 9472K, reserved 1048576K
}
Event: 4.542 GC heap after
{Heap after GC invocations=17 (full 0):
 garbage-first heap   total 110592K, used 28003K [0x0000000680000000, 0x0000000800000000)
  region size 4096K, 1 young (4096K), 1 survivors (4096K)
 Metaspace       used 71441K, committed 72000K, reserved 1114112K
  class space    used 9234K, committed 9472K, reserved 1048576K
}
Event: 4.974 GC heap before
{Heap before GC invocations=17 (full 0):
 garbage-first heap   total 110592K, used 89443K [0x0000000680000000, 0x0000000800000000)
  region size 4096K, 16 young (65536K), 1 survivors (4096K)
 Metaspace       used 76546K, committed 77312K, reserved 1179648K
  class space    used 9986K, committed 10368K, reserved 1048576K
}
Event: 4.977 GC heap after
{Heap after GC invocations=18 (full 0):
 garbage-first heap   total 110592K, used 31303K [0x0000000680000000, 0x0000000800000000)
  region size 4096K, 2 young (8192K), 2 survivors (8192K)
 Metaspace       used 76546K, committed 77312K, reserved 1179648K
  class space    used 9986K, committed 10368K, reserved 1048576K
}
Event: 9.364 GC heap before
{Heap before GC invocations=18 (full 0):
 garbage-first heap   total 110592K, used 88647K [0x0000000680000000, 0x0000000800000000)
  region size 4096K, 16 young (65536K), 2 survivors (8192K)
 Metaspace       used 81327K, committed 82112K, reserved 1179648K
  class space    used 10610K, committed 10944K, reserved 1048576K
}
Event: 9.370 GC heap after
{Heap after GC invocations=19 (full 0):
 garbage-first heap   total 110592K, used 33608K [0x0000000680000000, 0x0000000800000000)
  region size 4096K, 2 young (8192K), 2 survivors (8192K)
 Metaspace       used 81327K, committed 82112K, reserved 1179648K
  class space    used 10610K, committed 10944K, reserved 1048576K
}
Event: 41.611 GC heap before
{Heap before GC invocations=19 (full 0):
 garbage-first heap   total 110592K, used 86856K [0x0000000680000000, 0x0000000800000000)
  region size 4096K, 16 young (65536K), 2 survivors (8192K)
 Metaspace       used 85891K, committed 86848K, reserved 1179648K
  class space    used 11217K, committed 11648K, reserved 1048576K
}
Event: 41.634 GC heap after
{Heap after GC invocations=20 (full 0):
 garbage-first heap   total 110592K, used 38397K [0x0000000680000000, 0x0000000800000000)
  region size 4096K, 2 young (8192K), 2 survivors (8192K)
 Metaspace       used 85891K, committed 86848K, reserved 1179648K
  class space    used 11217K, committed 11648K, reserved 1048576K
}
Event: 42.095 GC heap before
{Heap before GC invocations=20 (full 0):
 garbage-first heap   total 110592K, used 87549K [0x0000000680000000, 0x0000000800000000)
  region size 4096K, 15 young (61440K), 2 survivors (8192K)
 Metaspace       used 88278K, committed 89408K, reserved 1179648K
  class space    used 11507K, committed 12032K, reserved 1048576K
}
Event: 42.102 GC heap after
{Heap after GC invocations=21 (full 0):
 garbage-first heap   total 110592K, used 43278K [0x0000000680000000, 0x0000000800000000)
  region size 4096K, 2 young (8192K), 2 survivors (8192K)
 Metaspace       used 88278K, committed 89408K, reserved 1179648K
  class space    used 11507K, committed 12032K, reserved 1048576K
}
Event: 220.055 GC heap before
{Heap before GC invocations=21 (full 0):
 garbage-first heap   total 110592K, used 59662K [0x0000000680000000, 0x0000000800000000)
  region size 4096K, 7 young (28672K), 2 survivors (8192K)
 Metaspace       used 88986K, committed 90176K, reserved 1179648K
  class space    used 11636K, committed 12160K, reserved 1048576K
}
Event: 220.145 GC heap after
{Heap after GC invocations=22 (full 1):
 garbage-first heap   total 110592K, used 36444K [0x0000000680000000, 0x0000000800000000)
  region size 4096K, 0 young (0K), 0 survivors (0K)
 Metaspace       used 88982K, committed 90176K, reserved 1179648K
  class space    used 11635K, committed 12160K, reserved 1048576K
}

