# JRE version: OpenJDK Runtime Environment Temurin-21.0.2+13 (21.0.2+13) (build 21.0.2+13-LTS)
# Java VM: OpenJDK 64-Bit Server VM Temurin-21.0.2+13 (21.0.2+13-LTS, mixed mode, emulated-client, tiered, compressed oops, compressed class ptrs, g1 gc, bsd-aarch64)
GC Precious Log:
 CardTable entry size: 512
 Card Set container configuration: InlinePtr #cards 4 size 8 Array Of Cards #cards 32 size 80 Howl #buckets 8 coarsen threshold 7372 Howl Bitmap #cards 1024 size 144 coarsen threshold 921 Card regions per heap region 1 cards per card region 8192
 CPUs: 8 total, 8 available
 Memory: 24576M
 Large Page Support: Disabled
 NUMA Support: Disabled
 Compressed Oops: Enabled (Zero based)
 Heap Region Size: 4M
 Heap Min Capacity: 8M
 Heap Initial Capacity: 384M
 Heap Max Capacity: 6G
 Pre-touch: Disabled
 Parallel Workers: 8
 Concurrent Workers: 2
 Concurrent Refinement Workers: 8
 Periodic GC: Disabled
Heap:
 garbage-first heap   total 110592K, used 89886K [0x0000000680000000, 0x0000000800000000)
  region size 4096K, 16 young (65536K), 2 survivors (8192K)
 Metaspace       used 92259K, committed 93504K, reserved 1179648K
  class space    used 11841K, committed 12352K, reserved 1048576K
GC Heap History (20 events):
Event: 5183.152 GC heap after
{Heap after GC invocations=55 (full 18):
 garbage-first heap   total 110592K, used 37976K [0x0000000680000000, 0x0000000800000000)
  region size 4096K, 2 young (8192K), 2 survivors (8192K)
 Metaspace       used 91397K, committed 92672K, reserved 1179648K
  class space    used 11723K, committed 12352K, reserved 1048576K
}
Event: 5488.733 GC heap before
{Heap before GC invocations=55 (full 18):
 garbage-first heap   total 110592K, used 54360K [0x0000000680000000, 0x0000000800000000)
  region size 4096K, 7 young (28672K), 2 survivors (8192K)
 Metaspace       used 91401K, committed 92672K, reserved 1179648K
  class space    used 11724K, committed 12352K, reserved 1048576K
}
Event: 5488.849 GC heap after
{Heap after GC invocations=56 (full 19):
 garbage-first heap   total 110592K, used 32473K [0x0000000680000000, 0x0000000800000000)
  region size 4096K, 0 young (0K), 0 survivors (0K)
 Metaspace       used 91385K, committed 92672K, reserved 1179648K
  class space    used 11722K, committed 12352K, reserved 1048576K
}
Event: 5494.681 GC heap before
{Heap before GC invocations=56 (full 19):
 garbage-first heap   total 110592K, used 85721K [0x0000000680000000, 0x0000000800000000)
  region size 4096K, 14 young (57344K), 0 survivors (0K)
 Metaspace       used 91691K, committed 92864K, reserved 1179648K
  class space    used 11774K, committed 12352K, reserved 1048576K
}
Event: 5494.684 GC heap after
{Heap after GC invocations=57 (full 19):
 garbage-first heap   total 110592K, used 37359K [0x0000000680000000, 0x0000000800000000)
  region size 4096K, 2 young (8192K), 2 survivors (8192K)
 Metaspace       used 91691K, committed 92864K, reserved 1179648K
  class space    used 11774K, committed 12352K, reserved 1048576K
}
Event: 5494.999 GC heap before
{Heap before GC invocations=57 (full 19):
 garbage-first heap   total 110592K, used 86511K [0x0000000680000000, 0x0000000800000000)
  region size 4096K, 14 young (57344K), 2 survivors (8192K)
 Metaspace       used 91881K, committed 93056K, reserved 1179648K
  class space    used 11790K, committed 12352K, reserved 1048576K
}
Event: 5495.003 GC heap after
{Heap after GC invocations=58 (full 19):
 garbage-first heap   total 110592K, used 39497K [0x0000000680000000, 0x0000000800000000)
  region size 4096K, 1 young (4096K), 1 survivors (4096K)
 Metaspace       used 91881K, committed 93056K, reserved 1179648K
  class space    used 11790K, committed 12352K, reserved 1048576K
}
Event: 6360.515 GC heap before
{Heap before GC invocations=58 (full 19):
 garbage-first heap   total 110592K, used 92745K [0x0000000680000000, 0x0000000800000000)
  region size 4096K, 14 young (57344K), 1 survivors (4096K)
 Metaspace       used 91887K, committed 93120K, reserved 1179648K
  class space    used 11792K, committed 12352K, reserved 1048576K
}
Event: 6360.522 GC heap after
{Heap after GC invocations=59 (full 19):
 garbage-first heap   total 135168K, used 39773K [0x0000000680000000, 0x0000000800000000)
  region size 4096K, 1 young (4096K), 1 survivors (4096K)
 Metaspace       used 91887K, committed 93120K, reserved 1179648K
  class space    used 11792K, committed 12352K, reserved 1048576K
}
Event: 7573.466 GC heap before
{Heap before GC invocations=59 (full 19):
 garbage-first heap   total 135168K, used 113501K [0x0000000680000000, 0x0000000800000000)
  region size 4096K, 19 young (77824K), 1 survivors (4096K)
 Metaspace       used 91888K, committed 93120K, reserved 1179648K
  class space    used 11792K, committed 12352K, reserved 1048576K
}
Event: 7573.477 GC heap after
{Heap after GC invocations=60 (full 19):
 garbage-first heap   total 135168K, used 39768K [0x0000000680000000, 0x0000000800000000)
  region size 4096K, 1 young (4096K), 1 survivors (4096K)
 Metaspace       used 91888K, committed 93120K, reserved 1179648K
  class space    used 11792K, committed 12352K, reserved 1048576K
}
Event: 8843.001 GC heap before
{Heap before GC invocations=60 (full 19):
 garbage-first heap   total 135168K, used 113496K [0x0000000680000000, 0x0000000800000000)
  region size 4096K, 19 young (77824K), 1 survivors (4096K)
 Metaspace       used 91923K, committed 93120K, reserved 1179648K
  class space    used 11800K, committed 12352K, reserved 1048576K
}
Event: 8843.008 GC heap after
{Heap after GC invocations=61 (full 19):
 garbage-first heap   total 135168K, used 39357K [0x0000000680000000, 0x0000000800000000)
  region size 4096K, 1 young (4096K), 1 survivors (4096K)
 Metaspace       used 91923K, committed 93120K, reserved 1179648K
  class space    used 11800K, committed 12352K, reserved 1048576K
}
Event: 9170.422 GC heap before
{Heap before GC invocations=61 (full 19):
 garbage-first heap   total 135168K, used 63933K [0x0000000680000000, 0x0000000800000000)
  region size 4096K, 8 young (32768K), 1 survivors (4096K)
 Metaspace       used 91966K, committed 93120K, reserved 1179648K
  class space    used 11802K, committed 12352K, reserved 1048576K
}
Event: 9170.483 GC heap after
{Heap after GC invocations=62 (full 20):
 garbage-first heap   total 110592K, used 29641K [0x0000000680000000, 0x0000000800000000)
  region size 4096K, 0 young (0K), 0 survivors (0K)
 Metaspace       used 91833K, committed 93120K, reserved 1179648K
  class space    used 11772K, committed 12352K, reserved 1048576K
}
Event: 9171.131 GC heap before
{Heap before GC invocations=62 (full 20):
 garbage-first heap   total 110592K, used 95177K [0x0000000680000000, 0x0000000800000000)
  region size 4096K, 16 young (65536K), 0 survivors (0K)
 Metaspace       used 92238K, committed 93440K, reserved 1179648K
  class space    used 11844K, committed 12352K, reserved 1048576K
}
Event: 9171.136 GC heap after
{Heap after GC invocations=63 (full 20):
 garbage-first heap   total 110592K, used 37840K [0x0000000680000000, 0x0000000800000000)
  region size 4096K, 2 young (8192K), 2 survivors (8192K)
 Metaspace       used 92238K, committed 93440K, reserved 1179648K
  class space    used 11844K, committed 12352K, reserved 1048576K
}
Event: 9293.766 GC heap before
{Heap before GC invocations=64 (full 20):
 garbage-first heap   total 110592K, used 50128K [0x0000000680000000, 0x0000000800000000)
  region size 4096K, 6 young (24576K), 2 survivors (8192K)
 Metaspace       used 92277K, committed 93440K, reserved 1179648K
  class space    used 11851K, committed 12352K, reserved 1048576K
}
Event: 9293.860 GC heap after
{Heap after GC invocations=65 (full 21):
 garbage-first heap   total 110592K, used 32542K [0x0000000680000000, 0x0000000800000000)
  region size 4096K, 0 young (0K), 0 survivors (0K)
 Metaspace       used 92191K, committed 93440K, reserved 1179648K
  class space    used 11831K, committed 12352K, reserved 1048576K
}
Event: 9669.101 GC heap before
{Heap before GC invocations=65 (full 21):
 garbage-first heap   total 110592K, used 85790K [0x0000000680000000, 0x0000000800000000)
  region size 4096K, 14 young (57344K), 0 survivors (0K)
 Metaspace       used 92259K, committed 93504K, reserved 1179648K
  class space    used 11841K, committed 12352K, reserved 1048576K
}

